2024-12-09 18:10:43,523 - masks.py - INFO: Маскируем карту с номером 1234567890123456
2024-12-09 18:10:43,523 - masks.py - INFO: Номер карты замаскирован
2024-12-14 11:04:45,044 - masks.py - INFO: Маскируем карту с номером 7000792289606361
2024-12-14 11:04:45,044 - masks.py - INFO: Номер карты замаскирован
2024-12-14 11:04:45,046 - masks.py - INFO: Маскируем карту с номером 7000792289606361
2024-12-14 11:04:45,046 - masks.py - INFO: Номер карты замаскирован
2024-12-14 11:04:45,048 - masks.py - INFO: Маскируем карту с номером 7000792289606361
2024-12-14 11:04:45,048 - masks.py - INFO: Номер карты замаскирован
2024-12-14 11:04:45,050 - masks.py - INFO: Маскируем карту с номером 7000792289606361123
2024-12-14 11:04:45,050 - masks.py - INFO: Номер карты замаскирован
2024-12-14 11:04:45,056 - masks.py - INFO: Маскируем карту с номером 7000792289606
2024-12-14 11:04:45,056 - masks.py - INFO: Номер карты замаскирован
2024-12-14 11:04:53,040 - masks.py - INFO: Маскируем карту с номером 70007922896063611234
2024-12-14 11:04:53,040 - masks.py - ERROR: введен некорректный номер карты - 70007922896063611234
2024-12-14 11:04:53,042 - masks.py - INFO: Маскируем карту с номером 700079228960
2024-12-14 11:04:53,042 - masks.py - ERROR: введен некорректный номер карты - 700079228960
2024-12-14 11:04:53,043 - masks.py - INFO: Маскируем карту с номером тестовые_буквы
2024-12-14 11:04:53,044 - masks.py - ERROR: введен некорректный номер карты - тестовые_буквы
2024-12-14 11:04:53,045 - masks.py - INFO: Маскируем карту с номером a1b2c3d4e5f6g7h8i9j0
2024-12-14 11:04:53,045 - masks.py - ERROR: введен некорректный номер карты - a1b2c3d4e5f6g7h8i9j0
2024-12-14 11:04:53,047 - masks.py - INFO: Маскируем карту с номером 
2024-12-14 11:04:53,047 - masks.py - ERROR: введен некорректный номер карты - 
2024-12-14 11:04:56,245 - masks.py - INFO: Маскируем счет с номером 70007922896063611234
2024-12-14 11:04:56,245 - masks.py - INFO: Номер счета замаскирован
2024-12-14 11:04:56,247 - masks.py - INFO: Маскируем счет с номером 70007922896063611234
2024-12-14 11:04:56,247 - masks.py - INFO: Номер счета замаскирован
2024-12-14 11:04:56,248 - masks.py - INFO: Маскируем счет с номером 70007922896063611234
2024-12-14 11:04:56,248 - masks.py - INFO: Номер счета замаскирован
2024-12-14 11:16:32,605 - masks.py - INFO: Маскируем карту с номером 7000792289606361
2024-12-14 11:16:32,605 - masks.py - INFO: Номер карты замаскирован
2024-12-14 11:16:32,607 - masks.py - INFO: Маскируем карту с номером 7000792289606361
2024-12-14 11:16:32,607 - masks.py - INFO: Номер карты замаскирован
2024-12-14 11:16:32,608 - masks.py - INFO: Маскируем карту с номером 7000792289606361
2024-12-14 11:16:32,609 - masks.py - INFO: Номер карты замаскирован
2024-12-14 11:16:32,610 - masks.py - INFO: Маскируем карту с номером 7000792289606361123
2024-12-14 11:16:32,610 - masks.py - INFO: Номер карты замаскирован
2024-12-14 11:16:32,611 - masks.py - INFO: Маскируем карту с номером 7000792289606
2024-12-14 11:16:32,611 - masks.py - INFO: Номер карты замаскирован
2024-12-14 11:16:40,161 - masks.py - INFO: Маскируем счет с номером 7000792289606361
2024-12-14 11:16:40,161 - masks.py - ERROR: введен некорректный номер счета - 7000792289606361
2024-12-14 11:16:40,163 - masks.py - INFO: Маскируем счет с номером 7000792289606361123
2024-12-14 11:16:40,163 - masks.py - ERROR: введен некорректный номер счета - 7000792289606361123
2024-12-14 11:16:40,165 - masks.py - INFO: Маскируем счет с номером тестовые_буквы
2024-12-14 11:16:40,165 - masks.py - ERROR: введен некорректный номер счета - тестовые_буквы
2024-12-14 11:16:40,166 - masks.py - INFO: Маскируем счет с номером a1b2c3d4e5f6g7h8i9j0
2024-12-14 11:16:40,166 - masks.py - ERROR: введен некорректный номер счета - a1b2c3d4e5f6g7h8i9j0
2024-12-14 11:16:40,168 - masks.py - INFO: Маскируем счет с номером 
2024-12-14 11:16:40,168 - masks.py - ERROR: введен некорректный номер счета - 
2024-12-14 11:16:40,170 - masks.py - INFO: Маскируем счет с номером 700079228960636112345
2024-12-14 11:16:40,170 - masks.py - ERROR: введен некорректный номер счета - 700079228960636112345
2024-12-14 11:16:43,865 - masks.py - INFO: Маскируем счет с номером 70007922896063611234
2024-12-14 11:16:43,865 - masks.py - INFO: Номер счета замаскирован
2024-12-14 11:16:43,867 - masks.py - INFO: Маскируем счет с номером 70007922896063611234
2024-12-14 11:16:43,867 - masks.py - INFO: Номер счета замаскирован
2024-12-14 11:16:43,868 - masks.py - INFO: Маскируем счет с номером 70007922896063611234
2024-12-14 11:16:43,868 - masks.py - INFO: Номер счета замаскирован
2024-12-14 11:16:48,331 - masks.py - INFO: Маскируем карту с номером 70007922896063611234
2024-12-14 11:16:48,331 - masks.py - ERROR: введен некорректный номер карты - 70007922896063611234
2024-12-14 11:16:48,333 - masks.py - INFO: Маскируем карту с номером 700079228960
2024-12-14 11:16:48,333 - masks.py - ERROR: введен некорректный номер карты - 700079228960
2024-12-14 11:16:48,334 - masks.py - INFO: Маскируем карту с номером тестовые_буквы
2024-12-14 11:16:48,335 - masks.py - ERROR: введен некорректный номер карты - тестовые_буквы
2024-12-14 11:16:48,336 - masks.py - INFO: Маскируем карту с номером a1b2c3d4e5f6g7h8i9j0
2024-12-14 11:16:48,336 - masks.py - ERROR: введен некорректный номер карты - a1b2c3d4e5f6g7h8i9j0
2024-12-14 11:16:48,337 - masks.py - INFO: Маскируем карту с номером 
2024-12-14 11:16:48,337 - masks.py - ERROR: введен некорректный номер карты - 
2024-12-14 11:26:51,953 - masks.py - INFO: Маскируем карту с номером 7000792289606361
2024-12-14 11:26:51,953 - masks.py - INFO: Номер карты замаскирован
2024-12-14 11:26:51,954 - masks.py - INFO: Маскируем карту с номером 7000792289606361
2024-12-14 11:26:51,955 - masks.py - INFO: Номер карты замаскирован
2024-12-14 11:26:51,955 - masks.py - INFO: Маскируем карту с номером 7000792289606361
2024-12-14 11:26:51,956 - masks.py - INFO: Номер карты замаскирован
2024-12-14 11:26:51,956 - masks.py - INFO: Маскируем карту с номером 7000792289606361123
2024-12-14 11:26:51,956 - masks.py - INFO: Номер карты замаскирован
2024-12-14 11:26:51,957 - masks.py - INFO: Маскируем карту с номером 7000792289606
2024-12-14 11:26:51,957 - masks.py - INFO: Номер карты замаскирован
2024-12-14 11:26:51,958 - masks.py - INFO: Маскируем карту с номером 70007922896063611234
2024-12-14 11:26:51,958 - masks.py - ERROR: введен некорректный номер карты - 70007922896063611234
2024-12-14 11:26:51,959 - masks.py - INFO: Маскируем карту с номером 700079228960
2024-12-14 11:26:51,960 - masks.py - ERROR: введен некорректный номер карты - 700079228960
2024-12-14 11:26:51,961 - masks.py - INFO: Маскируем карту с номером тестовые_буквы
2024-12-14 11:26:51,961 - masks.py - ERROR: введен некорректный номер карты - тестовые_буквы
2024-12-14 11:26:51,962 - masks.py - INFO: Маскируем карту с номером a1b2c3d4e5f6g7h8i9j0
2024-12-14 11:26:51,962 - masks.py - ERROR: введен некорректный номер карты - a1b2c3d4e5f6g7h8i9j0
2024-12-14 11:26:51,963 - masks.py - INFO: Маскируем карту с номером 
2024-12-14 11:26:51,963 - masks.py - ERROR: введен некорректный номер карты - 
2024-12-14 11:26:51,964 - masks.py - INFO: Маскируем счет с номером 70007922896063611234
2024-12-14 11:26:51,964 - masks.py - INFO: Номер счета замаскирован
2024-12-14 11:26:51,965 - masks.py - INFO: Маскируем счет с номером 70007922896063611234
2024-12-14 11:26:51,965 - masks.py - INFO: Номер счета замаскирован
2024-12-14 11:26:51,966 - masks.py - INFO: Маскируем счет с номером 70007922896063611234
2024-12-14 11:26:51,966 - masks.py - INFO: Номер счета замаскирован
2024-12-14 11:26:51,967 - masks.py - INFO: Маскируем счет с номером 7000792289606361
2024-12-14 11:26:51,967 - masks.py - ERROR: введен некорректный номер счета - 7000792289606361
2024-12-14 11:26:51,968 - masks.py - INFO: Маскируем счет с номером 7000792289606361123
2024-12-14 11:26:51,968 - masks.py - ERROR: введен некорректный номер счета - 7000792289606361123
2024-12-14 11:26:51,968 - masks.py - INFO: Маскируем счет с номером тестовые_буквы
2024-12-14 11:26:51,969 - masks.py - ERROR: введен некорректный номер счета - тестовые_буквы
2024-12-14 11:26:51,970 - masks.py - INFO: Маскируем счет с номером a1b2c3d4e5f6g7h8i9j0
2024-12-14 11:26:51,970 - masks.py - ERROR: введен некорректный номер счета - a1b2c3d4e5f6g7h8i9j0
2024-12-14 11:26:51,970 - masks.py - INFO: Маскируем счет с номером 
2024-12-14 11:26:51,971 - masks.py - ERROR: введен некорректный номер счета - 
2024-12-14 11:26:51,971 - masks.py - INFO: Маскируем счет с номером 700079228960636112345
2024-12-14 11:26:51,972 - masks.py - ERROR: введен некорректный номер счета - 700079228960636112345
2024-12-14 11:26:51,979 - utils.py - INFO: Открываем файл C:\Users\racco\PycharmProjects\Vidget_Operations_Project\data\operations.json
2024-12-14 11:26:51,979 - utils.py - ERROR: Ошибка при попытке открыть файл C:\Users\racco\PycharmProjects\Vidget_Operations_Project\data\operations.json: [Errno 2] No such file or directory: 'C:\\Users\\racco\\PycharmProjects\\Vidget_Operations_Project\\data\\operations.json'
2024-12-14 11:26:52,180 - utils.py - INFO: Открываем файл C:\Users\racco\PycharmProjects\Vidget_Operations_Project\data\empty.json
2024-12-14 11:26:52,180 - utils.py - ERROR: Ошибка при попытке открыть файл C:\Users\racco\PycharmProjects\Vidget_Operations_Project\data\empty.json: [Errno 2] No such file or directory: 'C:\\Users\\racco\\PycharmProjects\\Vidget_Operations_Project\\data\\empty.json'
2024-12-14 11:26:52,181 - utils.py - INFO: Открываем файл C:\Users\racco\PycharmProjects\Vidget_Operations_Project\data\onedict.json
2024-12-14 11:26:52,182 - utils.py - ERROR: Ошибка при попытке открыть файл C:\Users\racco\PycharmProjects\Vidget_Operations_Project\data\onedict.json: [Errno 2] No such file or directory: 'C:\\Users\\racco\\PycharmProjects\\Vidget_Operations_Project\\data\\onedict.json'
2024-12-14 11:26:52,182 - utils.py - INFO: Открываем файл C:\Users\racco\PycharmProjects\Vidget_Operations_Project\data\somename.json
2024-12-14 11:26:52,183 - utils.py - ERROR: Ошибка при попытке открыть файл C:\Users\racco\PycharmProjects\Vidget_Operations_Project\data\somename.json: [Errno 2] No such file or directory: 'C:\\Users\\racco\\PycharmProjects\\Vidget_Operations_Project\\data\\somename.json'
2024-12-14 11:26:52,184 - masks.py - INFO: Маскируем карту с номером 7000792289606361
2024-12-14 11:26:52,184 - masks.py - INFO: Номер карты замаскирован
2024-12-14 11:26:52,185 - masks.py - INFO: Маскируем карту с номером 1234567890123456
2024-12-14 11:26:52,185 - masks.py - INFO: Номер карты замаскирован
2024-12-14 11:26:52,186 - masks.py - INFO: Маскируем карту с номером 2200123456789010
2024-12-14 11:26:52,186 - masks.py - INFO: Номер карты замаскирован
2024-12-14 11:26:52,187 - masks.py - INFO: Маскируем карту с номером 6010203040506070
2024-12-14 11:26:52,187 - masks.py - INFO: Номер карты замаскирован
2024-12-14 11:26:52,188 - masks.py - INFO: Маскируем счет с номером 73654108430135874305
2024-12-14 11:26:52,188 - masks.py - INFO: Номер счета замаскирован
2024-12-14 11:26:52,189 - masks.py - INFO: Маскируем карту с номером 7000792289606361
2024-12-14 11:26:52,189 - masks.py - INFO: Номер карты замаскирован
2024-12-14 11:26:52,190 - masks.py - INFO: Маскируем счет с номером 73654108430135874305
2024-12-14 11:26:52,190 - masks.py - INFO: Номер счета замаскирован
2024-12-14 11:26:52,193 - masks.py - INFO: Маскируем карту с номером 1
2024-12-14 11:26:52,194 - masks.py - ERROR: введен некорректный номер карты - 1
2024-12-14 11:40:03,278 - utils.py - INFO: Открываем файл C:\Users\Lenovo\PycharmProjects\George-s_repository\tests\..\data\operations.json
2024-12-14 11:40:03,279 - utils.py - INFO: Открыли файл C:\Users\Lenovo\PycharmProjects\George-s_repository\tests\..\data\operations.json успешно
2024-12-14 11:40:03,286 - utils.py - INFO: Содержание файла корректное, возвращаем список
2024-12-14 11:41:02,393 - utils.py - INFO: Открываем файл C:\Users\Lenovo\PycharmProjects\George-s_repository\tests\..\data\somename.json
2024-12-14 11:41:02,393 - utils.py - ERROR: Ошибка при попытке открыть файл C:\Users\Lenovo\PycharmProjects\George-s_repository\tests\..\data\somename.json: [Errno 2] No such file or directory: 'C:\\Users\\Lenovo\\PycharmProjects\\George-s_repository\\tests\\..\\data\\somename.json'
2024-12-14 11:41:28,651 - masks.py - INFO: Маскируем карту с номером 7000792289606361
2024-12-14 11:41:28,651 - masks.py - INFO: Номер карты замаскирован
2024-12-14 11:41:28,652 - masks.py - INFO: Маскируем карту с номером 7000792289606361
2024-12-14 11:41:28,652 - masks.py - INFO: Номер карты замаскирован
2024-12-14 11:41:28,653 - masks.py - INFO: Маскируем карту с номером 7000792289606361
2024-12-14 11:41:28,653 - masks.py - INFO: Номер карты замаскирован
2024-12-14 11:41:28,654 - masks.py - INFO: Маскируем карту с номером 7000792289606361123
2024-12-14 11:41:28,654 - masks.py - INFO: Номер карты замаскирован
2024-12-14 11:41:28,655 - masks.py - INFO: Маскируем карту с номером 7000792289606
2024-12-14 11:41:28,655 - masks.py - INFO: Номер карты замаскирован
2024-12-14 11:41:28,656 - masks.py - INFO: Маскируем карту с номером 70007922896063611234
2024-12-14 11:41:28,656 - masks.py - ERROR: введен некорректный номер карты - 70007922896063611234
2024-12-14 11:41:28,657 - masks.py - INFO: Маскируем карту с номером 700079228960
2024-12-14 11:41:28,657 - masks.py - ERROR: введен некорректный номер карты - 700079228960
2024-12-14 11:41:28,658 - masks.py - INFO: Маскируем карту с номером тестовые_буквы
2024-12-14 11:41:28,658 - masks.py - ERROR: введен некорректный номер карты - тестовые_буквы
2024-12-14 11:41:28,659 - masks.py - INFO: Маскируем карту с номером a1b2c3d4e5f6g7h8i9j0
2024-12-14 11:41:28,659 - masks.py - ERROR: введен некорректный номер карты - a1b2c3d4e5f6g7h8i9j0
2024-12-14 11:41:28,660 - masks.py - INFO: Маскируем карту с номером 
2024-12-14 11:41:28,660 - masks.py - ERROR: введен некорректный номер карты - 
2024-12-14 11:41:28,661 - masks.py - INFO: Маскируем счет с номером 70007922896063611234
2024-12-14 11:41:28,661 - masks.py - INFO: Номер счета замаскирован
2024-12-14 11:41:28,662 - masks.py - INFO: Маскируем счет с номером 70007922896063611234
2024-12-14 11:41:28,662 - masks.py - INFO: Номер счета замаскирован
2024-12-14 11:41:28,663 - masks.py - INFO: Маскируем счет с номером 70007922896063611234
2024-12-14 11:41:28,664 - masks.py - INFO: Номер счета замаскирован
2024-12-14 11:41:28,664 - masks.py - INFO: Маскируем счет с номером 7000792289606361
2024-12-14 11:41:28,665 - masks.py - ERROR: введен некорректный номер счета - 7000792289606361
2024-12-14 11:41:28,665 - masks.py - INFO: Маскируем счет с номером 7000792289606361123
2024-12-14 11:41:28,666 - masks.py - ERROR: введен некорректный номер счета - 7000792289606361123
2024-12-14 11:41:28,666 - masks.py - INFO: Маскируем счет с номером тестовые_буквы
2024-12-14 11:41:28,667 - masks.py - ERROR: введен некорректный номер счета - тестовые_буквы
2024-12-14 11:41:28,667 - masks.py - INFO: Маскируем счет с номером a1b2c3d4e5f6g7h8i9j0
2024-12-14 11:41:28,668 - masks.py - ERROR: введен некорректный номер счета - a1b2c3d4e5f6g7h8i9j0
2024-12-14 11:41:28,668 - masks.py - INFO: Маскируем счет с номером 
2024-12-14 11:41:28,669 - masks.py - ERROR: введен некорректный номер счета - 
2024-12-14 11:41:28,669 - masks.py - INFO: Маскируем счет с номером 700079228960636112345
2024-12-14 11:41:28,670 - masks.py - ERROR: введен некорректный номер счета - 700079228960636112345
2024-12-14 11:41:28,677 - utils.py - INFO: Открываем файл C:\Users\Lenovo\PycharmProjects\George-s_repository\tests\..\data\operations.json
2024-12-14 11:41:28,677 - utils.py - INFO: Открыли файл C:\Users\Lenovo\PycharmProjects\George-s_repository\tests\..\data\operations.json успешно
2024-12-14 11:41:28,678 - utils.py - INFO: Содержание файла корректное, возвращаем список
2024-12-14 11:41:28,679 - utils.py - INFO: Открываем файл C:\Users\Lenovo\PycharmProjects\George-s_repository\tests\..\data\empty.json
2024-12-14 11:41:28,679 - utils.py - INFO: Открыли файл C:\Users\Lenovo\PycharmProjects\George-s_repository\tests\..\data\empty.json успешно
2024-12-14 11:41:28,680 - utils.py - ERROR: Ошибка при попытке открыть файл C:\Users\Lenovo\PycharmProjects\George-s_repository\tests\..\data\empty.json: Expecting value: line 1 column 1 (char 0)
2024-12-14 11:41:28,681 - utils.py - INFO: Открываем файл C:\Users\Lenovo\PycharmProjects\George-s_repository\tests\..\data\onedict.json
2024-12-14 11:41:28,681 - utils.py - INFO: Открыли файл C:\Users\Lenovo\PycharmProjects\George-s_repository\tests\..\data\onedict.json успешно
2024-12-14 11:41:28,681 - utils.py - ERROR: Некорректный ввод. Файл C:\Users\Lenovo\PycharmProjects\George-s_repository\tests\..\data\onedict.json содержит не список
2024-12-14 11:41:28,682 - utils.py - INFO: Открываем файл C:\Users\Lenovo\PycharmProjects\George-s_repository\tests\..\data\somename.json
2024-12-14 11:41:28,682 - utils.py - ERROR: Ошибка при попытке открыть файл C:\Users\Lenovo\PycharmProjects\George-s_repository\tests\..\data\somename.json: [Errno 2] No such file or directory: 'C:\\Users\\Lenovo\\PycharmProjects\\George-s_repository\\tests\\..\\data\\somename.json'
2024-12-14 11:41:28,683 - masks.py - INFO: Маскируем карту с номером 7000792289606361
2024-12-14 11:41:28,683 - masks.py - INFO: Номер карты замаскирован
2024-12-14 11:41:28,684 - masks.py - INFO: Маскируем карту с номером 1234567890123456
2024-12-14 11:41:28,684 - masks.py - INFO: Номер карты замаскирован
2024-12-14 11:41:28,685 - masks.py - INFO: Маскируем карту с номером 2200123456789010
2024-12-14 11:41:28,685 - masks.py - INFO: Номер карты замаскирован
2024-12-14 11:41:28,686 - masks.py - INFO: Маскируем карту с номером 6010203040506070
2024-12-14 11:41:28,686 - masks.py - INFO: Номер карты замаскирован
2024-12-14 11:41:28,687 - masks.py - INFO: Маскируем счет с номером 73654108430135874305
2024-12-14 11:41:28,687 - masks.py - INFO: Номер счета замаскирован
2024-12-14 11:41:28,688 - masks.py - INFO: Маскируем карту с номером 7000792289606361
2024-12-14 11:41:28,688 - masks.py - INFO: Номер карты замаскирован
2024-12-14 11:41:28,689 - masks.py - INFO: Маскируем счет с номером 73654108430135874305
2024-12-14 11:41:28,689 - masks.py - INFO: Номер счета замаскирован
2024-12-14 11:41:28,693 - masks.py - INFO: Маскируем карту с номером 1
2024-12-14 11:41:28,693 - masks.py - ERROR: введен некорректный номер карты - 1
2024-12-14 11:41:47,566 - masks.py - INFO: Маскируем карту с номером 7000792289606361
2024-12-14 11:41:47,567 - masks.py - INFO: Номер карты замаскирован
2024-12-14 11:41:47,569 - masks.py - INFO: Маскируем карту с номером 7000792289606361
2024-12-14 11:41:47,569 - masks.py - INFO: Номер карты замаскирован
2024-12-14 11:41:47,570 - masks.py - INFO: Маскируем карту с номером 7000792289606361
2024-12-14 11:41:47,571 - masks.py - INFO: Номер карты замаскирован
2024-12-14 11:41:47,572 - masks.py - INFO: Маскируем карту с номером 7000792289606361123
2024-12-14 11:41:47,572 - masks.py - INFO: Номер карты замаскирован
2024-12-14 11:41:47,574 - masks.py - INFO: Маскируем карту с номером 7000792289606
2024-12-14 11:41:47,574 - masks.py - INFO: Номер карты замаскирован
2024-12-14 11:41:47,576 - masks.py - INFO: Маскируем карту с номером 70007922896063611234
2024-12-14 11:41:47,576 - masks.py - ERROR: введен некорректный номер карты - 70007922896063611234
2024-12-14 11:41:47,577 - masks.py - INFO: Маскируем карту с номером 700079228960
2024-12-14 11:41:47,577 - masks.py - ERROR: введен некорректный номер карты - 700079228960
2024-12-14 11:41:47,579 - masks.py - INFO: Маскируем карту с номером тестовые_буквы
2024-12-14 11:41:47,579 - masks.py - ERROR: введен некорректный номер карты - тестовые_буквы
2024-12-14 11:41:47,581 - masks.py - INFO: Маскируем карту с номером a1b2c3d4e5f6g7h8i9j0
2024-12-14 11:41:47,581 - masks.py - ERROR: введен некорректный номер карты - a1b2c3d4e5f6g7h8i9j0
2024-12-14 11:41:47,583 - masks.py - INFO: Маскируем карту с номером 
2024-12-14 11:41:47,583 - masks.py - ERROR: введен некорректный номер карты - 
2024-12-14 11:41:47,585 - masks.py - INFO: Маскируем счет с номером 70007922896063611234
2024-12-14 11:41:47,585 - masks.py - INFO: Номер счета замаскирован
2024-12-14 11:41:47,586 - masks.py - INFO: Маскируем счет с номером 70007922896063611234
2024-12-14 11:41:47,586 - masks.py - INFO: Номер счета замаскирован
2024-12-14 11:41:47,588 - masks.py - INFO: Маскируем счет с номером 70007922896063611234
2024-12-14 11:41:47,588 - masks.py - INFO: Номер счета замаскирован
2024-12-14 11:41:47,590 - masks.py - INFO: Маскируем счет с номером 7000792289606361
2024-12-14 11:41:47,590 - masks.py - ERROR: введен некорректный номер счета - 7000792289606361
2024-12-14 11:41:47,591 - masks.py - INFO: Маскируем счет с номером 7000792289606361123
2024-12-14 11:41:47,592 - masks.py - ERROR: введен некорректный номер счета - 7000792289606361123
2024-12-14 11:41:47,593 - masks.py - INFO: Маскируем счет с номером тестовые_буквы
2024-12-14 11:41:47,593 - masks.py - ERROR: введен некорректный номер счета - тестовые_буквы
2024-12-14 11:41:47,595 - masks.py - INFO: Маскируем счет с номером a1b2c3d4e5f6g7h8i9j0
2024-12-14 11:41:47,595 - masks.py - ERROR: введен некорректный номер счета - a1b2c3d4e5f6g7h8i9j0
2024-12-14 11:41:47,597 - masks.py - INFO: Маскируем счет с номером 
2024-12-14 11:41:47,597 - masks.py - ERROR: введен некорректный номер счета - 
2024-12-14 11:41:47,598 - masks.py - INFO: Маскируем счет с номером 700079228960636112345
2024-12-14 11:41:47,598 - masks.py - ERROR: введен некорректный номер счета - 700079228960636112345
2024-12-14 11:41:47,615 - utils.py - INFO: Открываем файл C:\Users\Lenovo\PycharmProjects\George-s_repository\tests\..\data\operations.json
2024-12-14 11:41:47,615 - utils.py - INFO: Открыли файл C:\Users\Lenovo\PycharmProjects\George-s_repository\tests\..\data\operations.json успешно
2024-12-14 11:41:47,616 - utils.py - INFO: Содержание файла корректное, возвращаем список
2024-12-14 11:41:47,618 - utils.py - INFO: Открываем файл C:\Users\Lenovo\PycharmProjects\George-s_repository\tests\..\data\empty.json
2024-12-14 11:41:47,618 - utils.py - INFO: Открыли файл C:\Users\Lenovo\PycharmProjects\George-s_repository\tests\..\data\empty.json успешно
2024-12-14 11:41:47,618 - utils.py - ERROR: Ошибка при попытке открыть файл C:\Users\Lenovo\PycharmProjects\George-s_repository\tests\..\data\empty.json: Expecting value: line 1 column 1 (char 0)
2024-12-14 11:41:47,620 - utils.py - INFO: Открываем файл C:\Users\Lenovo\PycharmProjects\George-s_repository\tests\..\data\onedict.json
2024-12-14 11:41:47,620 - utils.py - INFO: Открыли файл C:\Users\Lenovo\PycharmProjects\George-s_repository\tests\..\data\onedict.json успешно
2024-12-14 11:41:47,620 - utils.py - ERROR: Некорректный ввод. Файл C:\Users\Lenovo\PycharmProjects\George-s_repository\tests\..\data\onedict.json содержит не список
2024-12-14 11:41:47,622 - utils.py - INFO: Открываем файл C:\Users\Lenovo\PycharmProjects\George-s_repository\tests\..\data\somename.json
2024-12-14 11:41:47,622 - utils.py - ERROR: Ошибка при попытке открыть файл C:\Users\Lenovo\PycharmProjects\George-s_repository\tests\..\data\somename.json: [Errno 2] No such file or directory: 'C:\\Users\\Lenovo\\PycharmProjects\\George-s_repository\\tests\\..\\data\\somename.json'
2024-12-14 11:41:47,624 - masks.py - INFO: Маскируем карту с номером 7000792289606361
2024-12-14 11:41:47,624 - masks.py - INFO: Номер карты замаскирован
2024-12-14 11:41:47,626 - masks.py - INFO: Маскируем карту с номером 1234567890123456
2024-12-14 11:41:47,626 - masks.py - INFO: Номер карты замаскирован
2024-12-14 11:41:47,628 - masks.py - INFO: Маскируем карту с номером 2200123456789010
2024-12-14 11:41:47,628 - masks.py - INFO: Номер карты замаскирован
2024-12-14 11:41:47,629 - masks.py - INFO: Маскируем карту с номером 6010203040506070
2024-12-14 11:41:47,630 - masks.py - INFO: Номер карты замаскирован
2024-12-14 11:41:47,631 - masks.py - INFO: Маскируем счет с номером 73654108430135874305
2024-12-14 11:41:47,631 - masks.py - INFO: Номер счета замаскирован
2024-12-14 11:41:47,633 - masks.py - INFO: Маскируем карту с номером 7000792289606361
2024-12-14 11:41:47,633 - masks.py - INFO: Номер карты замаскирован
2024-12-14 11:41:47,635 - masks.py - INFO: Маскируем счет с номером 73654108430135874305
2024-12-14 11:41:47,635 - masks.py - INFO: Номер счета замаскирован
2024-12-14 11:41:47,641 - masks.py - INFO: Маскируем карту с номером 1
2024-12-14 11:41:47,641 - masks.py - ERROR: введен некорректный номер карты - 1
2024-12-14 11:41:59,483 - masks.py - INFO: Маскируем карту с номером 7000792289606361
2024-12-14 11:41:59,483 - masks.py - INFO: Номер карты замаскирован
2024-12-14 11:41:59,485 - masks.py - INFO: Маскируем карту с номером 7000792289606361
2024-12-14 11:41:59,485 - masks.py - INFO: Номер карты замаскирован
2024-12-14 11:41:59,487 - masks.py - INFO: Маскируем карту с номером 7000792289606361
2024-12-14 11:41:59,487 - masks.py - INFO: Номер карты замаскирован
2024-12-14 11:41:59,489 - masks.py - INFO: Маскируем карту с номером 7000792289606361123
2024-12-14 11:41:59,489 - masks.py - INFO: Номер карты замаскирован
2024-12-14 11:41:59,490 - masks.py - INFO: Маскируем карту с номером 7000792289606
2024-12-14 11:41:59,490 - masks.py - INFO: Номер карты замаскирован
2024-12-14 11:41:59,492 - masks.py - INFO: Маскируем карту с номером 70007922896063611234
2024-12-14 11:41:59,492 - masks.py - ERROR: введен некорректный номер карты - 70007922896063611234
2024-12-14 11:41:59,494 - masks.py - INFO: Маскируем карту с номером 700079228960
2024-12-14 11:41:59,494 - masks.py - ERROR: введен некорректный номер карты - 700079228960
2024-12-14 11:41:59,496 - masks.py - INFO: Маскируем карту с номером тестовые_буквы
2024-12-14 11:41:59,496 - masks.py - ERROR: введен некорректный номер карты - тестовые_буквы
2024-12-14 11:41:59,497 - masks.py - INFO: Маскируем карту с номером a1b2c3d4e5f6g7h8i9j0
2024-12-14 11:41:59,497 - masks.py - ERROR: введен некорректный номер карты - a1b2c3d4e5f6g7h8i9j0
2024-12-14 11:41:59,499 - masks.py - INFO: Маскируем карту с номером 
2024-12-14 11:41:59,499 - masks.py - ERROR: введен некорректный номер карты - 
2024-12-14 11:41:59,501 - masks.py - INFO: Маскируем счет с номером 70007922896063611234
2024-12-14 11:41:59,501 - masks.py - INFO: Номер счета замаскирован
2024-12-14 11:41:59,503 - masks.py - INFO: Маскируем счет с номером 70007922896063611234
2024-12-14 11:41:59,503 - masks.py - INFO: Номер счета замаскирован
2024-12-14 11:41:59,504 - masks.py - INFO: Маскируем счет с номером 70007922896063611234
2024-12-14 11:41:59,504 - masks.py - INFO: Номер счета замаскирован
2024-12-14 11:41:59,506 - masks.py - INFO: Маскируем счет с номером 7000792289606361
2024-12-14 11:41:59,506 - masks.py - ERROR: введен некорректный номер счета - 7000792289606361
2024-12-14 11:41:59,508 - masks.py - INFO: Маскируем счет с номером 7000792289606361123
2024-12-14 11:41:59,508 - masks.py - ERROR: введен некорректный номер счета - 7000792289606361123
2024-12-14 11:41:59,510 - masks.py - INFO: Маскируем счет с номером тестовые_буквы
2024-12-14 11:41:59,510 - masks.py - ERROR: введен некорректный номер счета - тестовые_буквы
2024-12-14 11:41:59,511 - masks.py - INFO: Маскируем счет с номером a1b2c3d4e5f6g7h8i9j0
2024-12-14 11:41:59,511 - masks.py - ERROR: введен некорректный номер счета - a1b2c3d4e5f6g7h8i9j0
2024-12-14 11:41:59,513 - masks.py - INFO: Маскируем счет с номером 
2024-12-14 11:41:59,513 - masks.py - ERROR: введен некорректный номер счета - 
2024-12-14 11:41:59,515 - masks.py - INFO: Маскируем счет с номером 700079228960636112345
2024-12-14 11:41:59,515 - masks.py - ERROR: введен некорректный номер счета - 700079228960636112345
2024-12-14 11:41:59,528 - utils.py - INFO: Открываем файл C:\Users\Lenovo\PycharmProjects\George-s_repository\tests\..\data\operations.json
2024-12-14 11:41:59,528 - utils.py - INFO: Открыли файл C:\Users\Lenovo\PycharmProjects\George-s_repository\tests\..\data\operations.json успешно
2024-12-14 11:41:59,528 - utils.py - INFO: Содержание файла корректное, возвращаем список
2024-12-14 11:41:59,530 - utils.py - INFO: Открываем файл C:\Users\Lenovo\PycharmProjects\George-s_repository\tests\..\data\empty.json
2024-12-14 11:41:59,530 - utils.py - INFO: Открыли файл C:\Users\Lenovo\PycharmProjects\George-s_repository\tests\..\data\empty.json успешно
2024-12-14 11:41:59,531 - utils.py - ERROR: Ошибка при попытке открыть файл C:\Users\Lenovo\PycharmProjects\George-s_repository\tests\..\data\empty.json: Expecting value: line 1 column 1 (char 0)
2024-12-14 11:41:59,532 - utils.py - INFO: Открываем файл C:\Users\Lenovo\PycharmProjects\George-s_repository\tests\..\data\onedict.json
2024-12-14 11:41:59,532 - utils.py - INFO: Открыли файл C:\Users\Lenovo\PycharmProjects\George-s_repository\tests\..\data\onedict.json успешно
2024-12-14 11:41:59,532 - utils.py - ERROR: Некорректный ввод. Файл C:\Users\Lenovo\PycharmProjects\George-s_repository\tests\..\data\onedict.json содержит не список
2024-12-14 11:41:59,534 - utils.py - INFO: Открываем файл C:\Users\Lenovo\PycharmProjects\George-s_repository\tests\..\data\somename.json
2024-12-14 11:41:59,534 - utils.py - ERROR: Ошибка при попытке открыть файл C:\Users\Lenovo\PycharmProjects\George-s_repository\tests\..\data\somename.json: [Errno 2] No such file or directory: 'C:\\Users\\Lenovo\\PycharmProjects\\George-s_repository\\tests\\..\\data\\somename.json'
2024-12-14 11:41:59,536 - masks.py - INFO: Маскируем карту с номером 7000792289606361
2024-12-14 11:41:59,537 - masks.py - INFO: Номер карты замаскирован
2024-12-14 11:41:59,538 - masks.py - INFO: Маскируем карту с номером 1234567890123456
2024-12-14 11:41:59,538 - masks.py - INFO: Номер карты замаскирован
2024-12-14 11:41:59,540 - masks.py - INFO: Маскируем карту с номером 2200123456789010
2024-12-14 11:41:59,540 - masks.py - INFO: Номер карты замаскирован
2024-12-14 11:41:59,542 - masks.py - INFO: Маскируем карту с номером 6010203040506070
2024-12-14 11:41:59,542 - masks.py - INFO: Номер карты замаскирован
2024-12-14 11:41:59,544 - masks.py - INFO: Маскируем счет с номером 73654108430135874305
2024-12-14 11:41:59,544 - masks.py - INFO: Номер счета замаскирован
2024-12-14 11:41:59,545 - masks.py - INFO: Маскируем карту с номером 7000792289606361
2024-12-14 11:41:59,545 - masks.py - INFO: Номер карты замаскирован
2024-12-14 11:41:59,547 - masks.py - INFO: Маскируем счет с номером 73654108430135874305
2024-12-14 11:41:59,547 - masks.py - INFO: Номер счета замаскирован
2024-12-14 11:41:59,553 - masks.py - INFO: Маскируем карту с номером 1
2024-12-14 11:41:59,553 - masks.py - ERROR: введен некорректный номер карты - 1
2024-12-14 11:49:16,647 - masks.py - INFO: Маскируем карту с номером 7000792289606361
2024-12-14 11:49:16,648 - masks.py - INFO: Номер карты замаскирован
2024-12-14 11:49:16,649 - masks.py - INFO: Маскируем карту с номером 7000792289606361
2024-12-14 11:49:16,649 - masks.py - INFO: Номер карты замаскирован
2024-12-14 11:49:16,650 - masks.py - INFO: Маскируем карту с номером 7000792289606361
2024-12-14 11:49:16,650 - masks.py - INFO: Номер карты замаскирован
2024-12-14 11:49:16,651 - masks.py - INFO: Маскируем карту с номером 7000792289606361123
2024-12-14 11:49:16,651 - masks.py - INFO: Номер карты замаскирован
2024-12-14 11:49:16,652 - masks.py - INFO: Маскируем карту с номером 7000792289606
2024-12-14 11:49:16,652 - masks.py - INFO: Номер карты замаскирован
2024-12-14 11:49:16,653 - masks.py - INFO: Маскируем карту с номером 70007922896063611234
2024-12-14 11:49:16,653 - masks.py - ERROR: введен некорректный номер карты - 70007922896063611234
2024-12-14 11:49:16,654 - masks.py - INFO: Маскируем карту с номером 700079228960
2024-12-14 11:49:16,654 - masks.py - ERROR: введен некорректный номер карты - 700079228960
2024-12-14 11:49:16,655 - masks.py - INFO: Маскируем карту с номером тестовые_буквы
2024-12-14 11:49:16,655 - masks.py - ERROR: введен некорректный номер карты - тестовые_буквы
2024-12-14 11:49:16,656 - masks.py - INFO: Маскируем карту с номером a1b2c3d4e5f6g7h8i9j0
2024-12-14 11:49:16,656 - masks.py - ERROR: введен некорректный номер карты - a1b2c3d4e5f6g7h8i9j0
2024-12-14 11:49:16,657 - masks.py - INFO: Маскируем карту с номером 
2024-12-14 11:49:16,657 - masks.py - ERROR: введен некорректный номер карты - 
2024-12-14 11:49:16,658 - masks.py - INFO: Маскируем счет с номером 70007922896063611234
2024-12-14 11:49:16,658 - masks.py - INFO: Номер счета замаскирован
2024-12-14 11:49:16,659 - masks.py - INFO: Маскируем счет с номером 70007922896063611234
2024-12-14 11:49:16,659 - masks.py - INFO: Номер счета замаскирован
2024-12-14 11:49:16,660 - masks.py - INFO: Маскируем счет с номером 70007922896063611234
2024-12-14 11:49:16,660 - masks.py - INFO: Номер счета замаскирован
2024-12-14 11:49:16,661 - masks.py - INFO: Маскируем счет с номером 7000792289606361
2024-12-14 11:49:16,661 - masks.py - ERROR: введен некорректный номер счета - 7000792289606361
2024-12-14 11:49:16,662 - masks.py - INFO: Маскируем счет с номером 7000792289606361123
2024-12-14 11:49:16,662 - masks.py - ERROR: введен некорректный номер счета - 7000792289606361123
2024-12-14 11:49:16,663 - masks.py - INFO: Маскируем счет с номером тестовые_буквы
2024-12-14 11:49:16,663 - masks.py - ERROR: введен некорректный номер счета - тестовые_буквы
2024-12-14 11:49:16,664 - masks.py - INFO: Маскируем счет с номером a1b2c3d4e5f6g7h8i9j0
2024-12-14 11:49:16,664 - masks.py - ERROR: введен некорректный номер счета - a1b2c3d4e5f6g7h8i9j0
2024-12-14 11:49:16,665 - masks.py - INFO: Маскируем счет с номером 
2024-12-14 11:49:16,665 - masks.py - ERROR: введен некорректный номер счета - 
2024-12-14 11:49:16,666 - masks.py - INFO: Маскируем счет с номером 700079228960636112345
2024-12-14 11:49:16,666 - masks.py - ERROR: введен некорректный номер счета - 700079228960636112345
2024-12-14 11:49:16,673 - utils.py - INFO: Открываем файл C:\Users\Lenovo\PycharmProjects\George-s_repository\tests\..\data\operations.json
2024-12-14 11:49:16,674 - utils.py - INFO: Открыли файл C:\Users\Lenovo\PycharmProjects\George-s_repository\tests\..\data\operations.json успешно
2024-12-14 11:49:16,674 - utils.py - INFO: Содержание файла корректное, возвращаем список
2024-12-14 11:49:16,675 - utils.py - INFO: Открываем файл C:\Users\Lenovo\PycharmProjects\George-s_repository\tests\..\data\empty.json
2024-12-14 11:49:16,675 - utils.py - INFO: Открыли файл C:\Users\Lenovo\PycharmProjects\George-s_repository\tests\..\data\empty.json успешно
2024-12-14 11:49:16,675 - utils.py - ERROR: Ошибка при попытке открыть файл C:\Users\Lenovo\PycharmProjects\George-s_repository\tests\..\data\empty.json: Expecting value: line 1 column 1 (char 0)
2024-12-14 11:49:16,676 - utils.py - INFO: Открываем файл C:\Users\Lenovo\PycharmProjects\George-s_repository\tests\..\data\onedict.json
2024-12-14 11:49:16,676 - utils.py - INFO: Открыли файл C:\Users\Lenovo\PycharmProjects\George-s_repository\tests\..\data\onedict.json успешно
2024-12-14 11:49:16,677 - utils.py - ERROR: Некорректный ввод. Файл C:\Users\Lenovo\PycharmProjects\George-s_repository\tests\..\data\onedict.json содержит не список
2024-12-14 11:49:16,678 - utils.py - INFO: Открываем файл C:\Users\Lenovo\PycharmProjects\George-s_repository\tests\..\data\somename.json
2024-12-14 11:49:16,678 - utils.py - ERROR: Ошибка при попытке открыть файл C:\Users\Lenovo\PycharmProjects\George-s_repository\tests\..\data\somename.json: [Errno 2] No such file or directory: 'C:\\Users\\Lenovo\\PycharmProjects\\George-s_repository\\tests\\..\\data\\somename.json'
2024-12-14 11:49:16,679 - masks.py - INFO: Маскируем карту с номером 7000792289606361
2024-12-14 11:49:16,679 - masks.py - INFO: Номер карты замаскирован
2024-12-14 11:49:16,680 - masks.py - INFO: Маскируем карту с номером 1234567890123456
2024-12-14 11:49:16,680 - masks.py - INFO: Номер карты замаскирован
2024-12-14 11:49:16,681 - masks.py - INFO: Маскируем карту с номером 2200123456789010
2024-12-14 11:49:16,681 - masks.py - INFO: Номер карты замаскирован
2024-12-14 11:49:16,682 - masks.py - INFO: Маскируем карту с номером 6010203040506070
2024-12-14 11:49:16,682 - masks.py - INFO: Номер карты замаскирован
2024-12-14 11:49:16,683 - masks.py - INFO: Маскируем счет с номером 73654108430135874305
2024-12-14 11:49:16,683 - masks.py - INFO: Номер счета замаскирован
2024-12-14 11:49:16,684 - masks.py - INFO: Маскируем карту с номером 7000792289606361
2024-12-14 11:49:16,684 - masks.py - INFO: Номер карты замаскирован
2024-12-14 11:49:16,685 - masks.py - INFO: Маскируем счет с номером 73654108430135874305
2024-12-14 11:49:16,685 - masks.py - INFO: Номер счета замаскирован
2024-12-14 11:49:16,689 - masks.py - INFO: Маскируем карту с номером 1
2024-12-14 11:49:16,689 - masks.py - ERROR: введен некорректный номер карты - 1
